{
  "RSpec": {
    "coverage": {
      "/home/ubuntu/workspace/jewel/lib/jewel.rb": [
        1,
        null,
        1,
        1,
        null,
        1,
        9,
        9,
        9,
        9,
        null,
        null,
        1,
        1,
        1,
        null,
        null,
        1,
        1,
        1,
        null,
        null,
        1,
        1,
        1,
        null,
        null,
        1,
        1,
        1,
        null,
        null,
        1,
        1,
        1,
        null,
        null,
        1,
        0,
        0,
        null,
        null,
        1,
        2,
        2,
        null,
        null,
        1,
        1,
        1,
        null,
        null,
        null,
        1,
        1,
        17,
        null,
        null,
        null,
        null
      ],
      "/home/ubuntu/workspace/jewel/spec/support/vcr_setup.rb": [
        1,
        null,
        1,
        null,
        1,
        null,
        1,
        null,
        null,
        18,
        18,
        18,
        18,
        18,
        18,
        null,
        null,
        1,
        null,
        1,
        null,
        null,
        null
      ]
    },
    "timestamp": 1483802337
  }
}
